
  .   ____          _            __ _ _
 /\\ / ___'_ __ _ _(_)_ __  __ _ \ \ \ \
( ( )\___ | '_ | '_| | '_ \/ _` | \ \ \ \
 \\/  ___)| |_)| | | | | || (_| |  ) ) ) )
  '  |____| .__|_| |_|_| |_\__, | / / / /
 =========|_|==============|___/=/_/_/_/

 :: Spring Boot ::                (v3.3.5)

2026-06-20T16:34:33.609-04:00  INFO 22076 --- [           main] c.e.api_gateway.ApiGatewayApplication    : Starting ApiGatewayApplication v0.0.1-SNAPSHOT using Java 24.0.1 with PID 22076 (C:\Users\XznRh\Downloads\remote-repo-20261-main\remote-repo-20261-main\api-gateway\target\api-gateway-0.0.1-SNAPSHOT.jar started by XznRh in C:\Users\XznRh\Downloads\remote-repo-20261-main\remote-repo-20261-main)
2026-06-20T16:34:33.614-04:00  INFO 22076 --- [           main] c.e.api_gateway.ApiGatewayApplication    : No active profile set, falling back to 1 default profile: "default"
2026-06-20T16:34:34.972-04:00  INFO 22076 --- [           main] o.s.cloud.context.scope.GenericScope     : BeanFactory id=72c9c7b9-f882-3f8f-aac9-71fb7058b1bf
WARNING: A terminally deprecated method in sun.misc.Unsafe has been called
WARNING: sun.misc.Unsafe::allocateMemory has been called by io.netty.util.internal.PlatformDependent0$2 (jar:nested:/C:/Users/XznRh/Downloads/remote-repo-20261-main/remote-repo-20261-main/api-gateway/target/api-gateway-0.0.1-SNAPSHOT.jar/!BOOT-INF/lib/netty-common-4.1.114.Final.jar!/)
WARNING: Please consider reporting this to the maintainers of class io.netty.util.internal.PlatformDependent0$2
WARNING: sun.misc.Unsafe::allocateMemory will be removed in a future release
2026-06-20T16:34:37.546-04:00  INFO 22076 --- [           main] o.s.cloud.commons.util.InetUtils         : Cannot determine local hostname
2026-06-20T16:34:37.869-04:00  INFO 22076 --- [           main] o.s.c.g.r.RouteDefinitionRouteLocator    : Loaded RoutePredicateFactory [After]
2026-06-20T16:34:37.869-04:00  INFO 22076 --- [           main] o.s.c.g.r.RouteDefinitionRouteLocator    : Loaded RoutePredicateFactory [Before]
2026-06-20T16:34:37.869-04:00  INFO 22076 --- [           main] o.s.c.g.r.RouteDefinitionRouteLocator    : Loaded RoutePredicateFactory [Between]
2026-06-20T16:34:37.869-04:00  INFO 22076 --- [           main] o.s.c.g.r.RouteDefinitionRouteLocator    : Loaded RoutePredicateFactory [Cookie]
2026-06-20T16:34:37.869-04:00  INFO 22076 --- [           main] o.s.c.g.r.RouteDefinitionRouteLocator    : Loaded RoutePredicateFactory [Header]
2026-06-20T16:34:37.869-04:00  INFO 22076 --- [           main] o.s.c.g.r.RouteDefinitionRouteLocator    : Loaded RoutePredicateFactory [Host]
2026-06-20T16:34:37.869-04:00  INFO 22076 --- [           main] o.s.c.g.r.RouteDefinitionRouteLocator    : Loaded RoutePredicateFactory [Method]
2026-06-20T16:34:37.869-04:00  INFO 22076 --- [           main] o.s.c.g.r.RouteDefinitionRouteLocator    : Loaded RoutePredicateFactory [Path]
2026-06-20T16:34:37.869-04:00  INFO 22076 --- [           main] o.s.c.g.r.RouteDefinitionRouteLocator    : Loaded RoutePredicateFactory [Query]
2026-06-20T16:34:37.869-04:00  INFO 22076 --- [           main] o.s.c.g.r.RouteDefinitionRouteLocator    : Loaded RoutePredicateFactory [ReadBody]
2026-06-20T16:34:37.869-04:00  INFO 22076 --- [           main] o.s.c.g.r.RouteDefinitionRouteLocator    : Loaded RoutePredicateFactory [RemoteAddr]
2026-06-20T16:34:37.869-04:00  INFO 22076 --- [           main] o.s.c.g.r.RouteDefinitionRouteLocator    : Loaded RoutePredicateFactory [XForwardedRemoteAddr]
2026-06-20T16:34:37.869-04:00  INFO 22076 --- [           main] o.s.c.g.r.RouteDefinitionRouteLocator    : Loaded RoutePredicateFactory [Weight]
2026-06-20T16:34:37.869-04:00  INFO 22076 --- [           main] o.s.c.g.r.RouteDefinitionRouteLocator    : Loaded RoutePredicateFactory [CloudFoundryRouteService]
2026-06-20T16:34:39.122-04:00  INFO 22076 --- [           main] o.s.cloud.commons.util.InetUtils         : Cannot determine local hostname
2026-06-20T16:34:39.474-04:00  INFO 22076 --- [           main] o.s.b.web.embedded.netty.NettyWebServer  : Netty started on port 7769 (http)
2026-06-20T16:34:40.501-04:00  INFO 22076 --- [           main] o.s.cloud.commons.util.InetUtils         : Cannot determine local hostname
2026-06-20T16:34:41.511-04:00  INFO 22076 --- [           main] o.s.cloud.commons.util.InetUtils         : Cannot determine local hostname
2026-06-20T16:34:41.579-04:00  INFO 22076 --- [           main] c.e.api_gateway.ApiGatewayApplication    : Started ApiGatewayApplication in 9.679 seconds (process running for 10.393)
