21:19:37 INFO  Starting SupervisorApplication using Java 17.0.15 with PID 44152 (C:\Users\XznRh\Downloads\proper-release-for-the-exam\remote-repo-20261-main\supervisor\target\classes started by XznRh in C:\Users\XznRh\Downloads\proper-release-for-the-exam\remote-repo-20261-main\supervisor)
21:19:37 INFO  No active profile set, falling back to 1 default profile: "default"
21:19:37 INFO  Devtools property defaults active! Set 'spring.devtools.add-properties' to 'false' to disable
21:19:37 INFO  For additional web related logging consider setting the 'logging.level.web' property to 'DEBUG'
21:19:37 INFO  Bootstrapping Spring Data JPA repositories in DEFAULT mode.
21:19:37 INFO  Finished Spring Data repository scanning in 117 ms. Found 1 JPA repository interface.
21:19:38 INFO  Tomcat initialized with port 7781 (http)
21:19:38 INFO  Starting service [Tomcat]
21:19:38 INFO  Starting Servlet engine: [Apache Tomcat/10.1.34]
21:19:38 INFO  Initializing Spring embedded WebApplicationContext
21:19:38 INFO  Root WebApplicationContext: initialization completed in 1542 ms
21:19:38 INFO  Liquibase did not run because 'shouldRun' property was set to false on liquibase Liquibase Spring bean.
21:19:38 INFO  HHH000204: Processing PersistenceUnitInfo [name: default]
21:19:38 INFO  HHH000412: Hibernate ORM core version 6.6.4.Final
21:19:38 INFO  HHH000026: Second-level cache disabled
21:19:39 INFO  No LoadTimeWeaver setup: ignoring JPA class transformer
21:19:39 INFO  HikariPool-1 - Starting...
21:19:39 INFO  HikariPool-1 - Added connection com.mysql.cj.jdbc.ConnectionImpl@219653a9
21:19:39 INFO  HikariPool-1 - Start completed.
21:19:39 WARN  HHH000511: The 5.5.5 version for [org.hibernate.dialect.MySQLDialect] is no longer supported, hence certain features may not work properly. The minimum supported version is 8.0.0. Check the community dialects project for available legacy versions.
21:19:39 WARN  HHH90000025: MySQLDialect does not need to be specified explicitly using 'hibernate.dialect' (remove the property setting and it will be selected by default)
21:19:39 INFO  HHH10001005: Database info:
	Database JDBC URL [Connecting through datasource 'HikariDataSource (HikariPool-1)']
	Database driver: undefined/unknown
	Database version: 5.5.5
	Autocommit mode: undefined/unknown
	Isolation level: undefined/unknown
	Minimum pool size: undefined/unknown
	Maximum pool size: undefined/unknown
21:19:40 INFO  HHH000489: No JTA platform available (set 'hibernate.transaction.jta.platform' to enable JTA platform integration)
21:19:40 INFO  Initialized JPA EntityManagerFactory for persistence unit 'default'
21:19:40 WARN  spring.jpa.open-in-view is enabled by default. Therefore, database queries may be performed during view rendering. Explicitly configure spring.jpa.open-in-view to disable this warning
21:19:41 INFO  LiveReload server is running on port 35729
21:19:41 INFO  Tomcat started on port 7781 (http) with context path '/'
21:19:41 INFO  Started SupervisorApplication in 4.477 seconds (process running for 4.897)
21:19:58 INFO  Initializing Spring DispatcherServlet 'dispatcherServlet'
21:19:58 INFO  Initializing Servlet 'dispatcherServlet'
21:19:58 INFO  Completed initialization in 1 ms
21:36:31 INFO  Commencing graceful shutdown. Waiting for active requests to complete
21:36:31 INFO  Graceful shutdown complete
21:36:31 INFO  Closing JPA EntityManagerFactory for persistence unit 'default'
21:36:31 INFO  HikariPool-1 - Shutdown initiated...
21:36:31 INFO  HikariPool-1 - Shutdown completed.
