
  .   ____          _            __ _ _
 /\\ / ___'_ __ _ _(_)_ __  __ _ \ \ \ \
( ( )\___ | '_ | '_| | '_ \/ _` | \ \ \ \
 \\/  ___)| |_)| | | | | || (_| |  ) ) ) )
  '  |____| .__|_| |_|_| |_\__, | / / / /
 =========|_|==============|___/=/_/_/_/

 :: Spring Boot ::                (v3.4.1)

19:06:12 INFO  Starting AuthApplication v0.0.1-SNAPSHOT using Java 24.0.1 with PID 46352 (C:\Users\XznRh\Downloads\proper-release-for-the-exam\remote-repo-20261-main\auth\target\maintenance-0.0.1-SNAPSHOT.jar started by XznRh in C:\Users\XznRh\Downloads\proper-release-for-the-exam\remote-repo-20261-main)
19:06:12 INFO  No active profile set, falling back to 1 default profile: "default"
19:06:14 INFO  Bootstrapping Spring Data JPA repositories in DEFAULT mode.
19:06:14 INFO  Finished Spring Data repository scanning in 209 ms. Found 1 JPA repository interface.
WARNING: A restricted method in java.lang.System has been called
WARNING: java.lang.System::load has been called by org.apache.tomcat.jni.Library in an unnamed module (jar:nested:/C:/Users/XznRh/Downloads/proper-release-for-the-exam/remote-repo-20261-main/auth/target/maintenance-0.0.1-SNAPSHOT.jar/!BOOT-INF/lib/tomcat-embed-core-10.1.34.jar!/)
WARNING: Use --enable-native-access=ALL-UNNAMED to avoid a warning for callers in this module
WARNING: Restricted methods will be blocked in a future release unless native access is enabled

19:06:16 INFO  Tomcat initialized with port 7780 (http)
19:06:16 INFO  Starting service [Tomcat]
19:06:16 INFO  Starting Servlet engine: [Apache Tomcat/10.1.34]
19:06:16 INFO  Initializing Spring embedded WebApplicationContext
19:06:16 INFO  Root WebApplicationContext: initialization completed in 3393 ms
19:06:16 INFO  HikariPool-1 - Starting...
19:06:17 INFO  HikariPool-1 - Added connection com.mysql.cj.jdbc.ConnectionImpl@5463f035
19:06:17 INFO  HikariPool-1 - Start completed.
19:06:18 INFO  Reading from transport_db_auth.databasechangelog
19:06:18 INFO  Database is up to date, no changesets to execute
19:06:18 INFO  Reading from transport_db_auth.databasechangelog
19:06:18 INFO  UPDATE SUMMARY
19:06:18 INFO  Run:                          0
19:06:18 INFO  Previously run:               1
19:06:18 INFO  Filtered out:                 0
19:06:18 INFO  -------------------------------
19:06:18 INFO  Total change sets:            1
19:06:18 INFO  Update summary generated
19:06:18 INFO  Command execution complete
19:06:18 INFO  HHH000204: Processing PersistenceUnitInfo [name: default]
19:06:18 INFO  HHH000412: Hibernate ORM core version 6.6.4.Final
19:06:18 INFO  HHH000026: Second-level cache disabled
19:06:19 INFO  No LoadTimeWeaver setup: ignoring JPA class transformer
19:06:19 WARN  HHH000511: The 5.5.5 version for [org.hibernate.dialect.MySQLDialect] is no longer supported, hence certain features may not work properly. The minimum supported version is 8.0.0. Check the community dialects project for available legacy versions.
19:06:19 WARN  HHH90000025: MySQLDialect does not need to be specified explicitly using 'hibernate.dialect' (remove the property setting and it will be selected by default)
19:06:19 INFO  HHH10001005: Database info:
	Database JDBC URL [Connecting through datasource 'HikariDataSource (HikariPool-1)']
	Database driver: undefined/unknown
	Database version: 5.5.5
	Autocommit mode: undefined/unknown
	Isolation level: undefined/unknown
	Minimum pool size: undefined/unknown
	Maximum pool size: undefined/unknown
19:06:20 INFO  HHH000489: No JTA platform available (set 'hibernate.transaction.jta.platform' to enable JTA platform integration)
19:06:20 INFO  Initialized JPA EntityManagerFactory for persistence unit 'default'
19:06:21 WARN  spring.jpa.open-in-view is enabled by default. Therefore, database queries may be performed during view rendering. Explicitly configure spring.jpa.open-in-view to disable this warning
19:06:22 WARN  

Using generated security password: 84ecf12d-c481-495c-ae50-297649dbe24e

This generated password is for development use only. Your security configuration must be updated before running your application in production.

19:06:22 INFO  Global AuthenticationManager configured with UserDetailsService bean with name inMemoryUserDetailsManager
WARNING: A terminally deprecated method in sun.misc.Unsafe has been called
WARNING: sun.misc.Unsafe::allocateMemory has been called by io.netty.util.internal.PlatformDependent0$2 (jar:nested:/C:/Users/XznRh/Downloads/proper-release-for-the-exam/remote-repo-20261-main/auth/target/maintenance-0.0.1-SNAPSHOT.jar/!BOOT-INF/lib/netty-common-4.1.116.Final.jar!/)
WARNING: Please consider reporting this to the maintainers of class io.netty.util.internal.PlatformDependent0$2
WARNING: sun.misc.Unsafe::allocateMemory will be removed in a future release
19:06:23 INFO  Tomcat started on port 7780 (http) with context path '/'
19:06:23 INFO  Started AuthApplication in 11.688 seconds (process running for 12.804)
19:07:56 INFO  Initializing Spring DispatcherServlet 'dispatcherServlet'
19:07:56 INFO  Initializing Servlet 'dispatcherServlet'
19:07:56 INFO  Completed initialization in 16 ms
alizing Servlet 'dispatcherServlet'
19:07:56 INFO  Completed initialization in 16 ms
