
  .   ____          _            __ _ _
 /\\ / ___'_ __ _ _(_)_ __  __ _ \ \ \ \
( ( )\___ | '_ | '_| | '_ \/ _` | \ \ \ \
 \\/  ___)| |_)| | | | | || (_| |  ) ) ) )
  '  |____| .__|_| |_|_| |_\__, | / / / /
 =========|_|==============|___/=/_/_/_/

 :: Spring Boot ::                (v3.4.1)

19:06:28 INFO  Starting ClientApplication v0.0.1-SNAPSHOT using Java 24.0.1 with PID 17392 (C:\Users\XznRh\Downloads\proper-release-for-the-exam\remote-repo-20261-main\client\target\maintenance-0.0.1-SNAPSHOT.jar started by XznRh in C:\Users\XznRh\Downloads\proper-release-for-the-exam\remote-repo-20261-main)
19:06:28 INFO  No active profile set, falling back to 1 default profile: "default"
19:06:30 INFO  Bootstrapping Spring Data JPA repositories in DEFAULT mode.
19:06:31 INFO  Finished Spring Data repository scanning in 174 ms. Found 1 JPA repository interface.
WARNING: A restricted method in java.lang.System has been called
WARNING: java.lang.System::load has been called by org.apache.tomcat.jni.Library in an unnamed module (jar:nested:/C:/Users/XznRh/Downloads/proper-release-for-the-exam/remote-repo-20261-main/client/target/maintenance-0.0.1-SNAPSHOT.jar/!BOOT-INF/lib/tomcat-embed-core-10.1.34.jar!/)
WARNING: Use --enable-native-access=ALL-UNNAMED to avoid a warning for callers in this module
WARNING: Restricted methods will be blocked in a future release unless native access is enabled

19:06:32 INFO  Tomcat initialized with port 7779 (http)
19:06:32 INFO  Starting service [Tomcat]
19:06:32 INFO  Starting Servlet engine: [Apache Tomcat/10.1.34]
19:06:32 INFO  Initializing Spring embedded WebApplicationContext
19:06:32 INFO  Root WebApplicationContext: initialization completed in 3629 ms
19:06:32 INFO  HikariPool-1 - Starting...
19:06:33 INFO  HikariPool-1 - Added connection com.mysql.cj.jdbc.ConnectionImpl@584ca390
19:06:33 INFO  HikariPool-1 - Start completed.
19:06:34 INFO  Reading from transport_db_client.databasechangelog
19:06:34 INFO  Database is up to date, no changesets to execute
19:06:34 INFO  Reading from transport_db_client.databasechangelog
19:06:34 INFO  UPDATE SUMMARY
19:06:34 INFO  Run:                          0
19:06:34 INFO  Previously run:               0
19:06:34 INFO  Filtered out:                 0
19:06:34 INFO  -------------------------------
19:06:34 INFO  Total change sets:            0
19:06:34 INFO  Update summary generated
19:06:34 INFO  Command execution complete
19:06:34 INFO  HHH000204: Processing PersistenceUnitInfo [name: default]
19:06:35 INFO  HHH000412: Hibernate ORM core version 6.6.4.Final
19:06:35 INFO  HHH000026: Second-level cache disabled
19:06:35 INFO  No LoadTimeWeaver setup: ignoring JPA class transformer
19:06:35 WARN  HHH000511: The 5.5.5 version for [org.hibernate.dialect.MySQLDialect] is no longer supported, hence certain features may not work properly. The minimum supported version is 8.0.0. Check the community dialects project for available legacy versions.
19:06:35 WARN  HHH90000025: MySQLDialect does not need to be specified explicitly using 'hibernate.dialect' (remove the property setting and it will be selected by default)
19:06:35 INFO  HHH10001005: Database info:
	Database JDBC URL [Connecting through datasource 'HikariDataSource (HikariPool-1)']
	Database driver: undefined/unknown
	Database version: 5.5.5
	Autocommit mode: undefined/unknown
	Isolation level: undefined/unknown
	Minimum pool size: undefined/unknown
	Maximum pool size: undefined/unknown
19:06:36 INFO  HHH000489: No JTA platform available (set 'hibernate.transaction.jta.platform' to enable JTA platform integration)
19:06:36 INFO  Initialized JPA EntityManagerFactory for persistence unit 'default'
19:06:37 WARN  spring.jpa.open-in-view is enabled by default. Therefore, database queries may be performed during view rendering. Explicitly configure spring.jpa.open-in-view to disable this warning
WARNING: A terminally deprecated method in sun.misc.Unsafe has been called
WARNING: sun.misc.Unsafe::allocateMemory has been called by io.netty.util.internal.PlatformDependent0$2 (jar:nested:/C:/Users/XznRh/Downloads/proper-release-for-the-exam/remote-repo-20261-main/client/target/maintenance-0.0.1-SNAPSHOT.jar/!BOOT-INF/lib/netty-common-4.1.116.Final.jar!/)
WARNING: Please consider reporting this to the maintainers of class io.netty.util.internal.PlatformDependent0$2
WARNING: sun.misc.Unsafe::allocateMemory will be removed in a future release
19:06:38 INFO  Tomcat started on port 7779 (http) with context path '/'
19:06:38 INFO  Started ClientApplication in 11.137 seconds (process running for 12.272)
19:07:55 INFO  Initializing Spring DispatcherServlet 'dispatcherServlet'
19:07:55 INFO  Initializing Servlet 'dispatcherServlet'
19:07:55 INFO  Completed initialization in 3 ms
19:08:54 INFO  Init duration for springdoc-openapi is: 452 ms
d initialization in 3 ms
19:08:54 INFO  Init duration for springdoc-openapi is: 452 ms
