
  .   ____          _            __ _ _
 /\\ / ___'_ __ _ _(_)_ __  __ _ \ \ \ \
( ( )\___ | '_ | '_| | '_ \/ _` | \ \ \ \
 \\/  ___)| |_)| | | | | || (_| |  ) ) ) )
  '  |____| .__|_| |_|_| |_\__, | / / / /
 =========|_|==============|___/=/_/_/_/

 :: Spring Boot ::                (v3.4.1)

01:52:10 INFO  Starting SupervisorApplication v0.0.1-SNAPSHOT using Java 24.0.1 with PID 30936 (C:\Users\XznRh\Downloads\proper-release-for-the-exam\remote-repo-20261-main\supervisor\target\maintenance-0.0.1-SNAPSHOT.jar started by XznRh in C:\Users\XznRh\Downloads\proper-release-for-the-exam\remote-repo-20261-main)
01:52:10 INFO  No active profile set, falling back to 1 default profile: "default"
01:52:12 INFO  Bootstrapping Spring Data JPA repositories in DEFAULT mode.
01:52:12 INFO  Finished Spring Data repository scanning in 224 ms. Found 1 JPA repository interface.
WARNING: A restricted method in java.lang.System has been called
WARNING: java.lang.System::load has been called by org.apache.tomcat.jni.Library in an unnamed module (jar:nested:/C:/Users/XznRh/Downloads/proper-release-for-the-exam/remote-repo-20261-main/supervisor/target/maintenance-0.0.1-SNAPSHOT.jar/!BOOT-INF/lib/tomcat-embed-core-10.1.34.jar!/)
WARNING: Use --enable-native-access=ALL-UNNAMED to avoid a warning for callers in this module
WARNING: Restricted methods will be blocked in a future release unless native access is enabled

01:52:13 INFO  Tomcat initialized with port 7781 (http)
01:52:13 INFO  Starting service [Tomcat]
01:52:13 INFO  Starting Servlet engine: [Apache Tomcat/10.1.34]
01:52:13 INFO  Initializing Spring embedded WebApplicationContext
01:52:13 INFO  Root WebApplicationContext: initialization completed in 3444 ms
01:52:14 INFO  Liquibase did not run because 'shouldRun' property was set to false on liquibase Liquibase Spring bean.
01:52:14 INFO  HHH000204: Processing PersistenceUnitInfo [name: default]
01:52:14 INFO  HHH000412: Hibernate ORM core version 6.6.4.Final
01:52:14 INFO  HHH000026: Second-level cache disabled
01:52:15 INFO  No LoadTimeWeaver setup: ignoring JPA class transformer
01:52:15 INFO  HikariPool-1 - Starting...
01:52:15 INFO  HikariPool-1 - Added connection com.mysql.cj.jdbc.ConnectionImpl@60194904
01:52:15 INFO  HikariPool-1 - Start completed.
01:52:15 WARN  HHH000511: The 5.5.5 version for [org.hibernate.dialect.MySQLDialect] is no longer supported, hence certain features may not work properly. The minimum supported version is 8.0.0. Check the community dialects project for available legacy versions.
01:52:15 WARN  HHH90000025: MySQLDialect does not need to be specified explicitly using 'hibernate.dialect' (remove the property setting and it will be selected by default)
01:52:15 INFO  HHH10001005: Database info:
	Database JDBC URL [Connecting through datasource 'HikariDataSource (HikariPool-1)']
	Database driver: undefined/unknown
	Database version: 5.5.5
	Autocommit mode: undefined/unknown
	Isolation level: undefined/unknown
	Minimum pool size: undefined/unknown
	Maximum pool size: undefined/unknown
01:52:16 INFO  HHH000489: No JTA platform available (set 'hibernate.transaction.jta.platform' to enable JTA platform integration)
01:52:16 INFO  Initialized JPA EntityManagerFactory for persistence unit 'default'
01:52:17 WARN  spring.jpa.open-in-view is enabled by default. Therefore, database queries may be performed during view rendering. Explicitly configure spring.jpa.open-in-view to disable this warning
WARNING: A terminally deprecated method in sun.misc.Unsafe has been called
WARNING: sun.misc.Unsafe::allocateMemory has been called by io.netty.util.internal.PlatformDependent0$2 (jar:nested:/C:/Users/XznRh/Downloads/proper-release-for-the-exam/remote-repo-20261-main/supervisor/target/maintenance-0.0.1-SNAPSHOT.jar/!BOOT-INF/lib/netty-common-4.1.116.Final.jar!/)
WARNING: Please consider reporting this to the maintainers of class io.netty.util.internal.PlatformDependent0$2
WARNING: sun.misc.Unsafe::allocateMemory will be removed in a future release
01:52:19 INFO  Tomcat started on port 7781 (http) with context path '/'
01:52:19 INFO  Started SupervisorApplication in 10.349 seconds (process running for 11.94)
01:52:33 INFO  Initializing Spring DispatcherServlet 'dispatcherServlet'
01:52:33 INFO  Initializing Servlet 'dispatcherServlet'
01:52:33 INFO  Completed initialization in 1 ms
 Initializing Servlet 'dispatcherServlet'
01:52:33 INFO  Completed initialization in 1 ms
