
  .   ____          _            __ _ _
 /\\ / ___'_ __ _ _(_)_ __  __ _ \ \ \ \
( ( )\___ | '_ | '_| | '_ \/ _` | \ \ \ \
 \\/  ___)| |_)| | | | | || (_| |  ) ) ) )
  '  |____| .__|_| |_|_| |_\__, | / / / /
 =========|_|==============|___/=/_/_/_/

 :: Spring Boot ::                (v4.0.6)

2026-06-14T20:52:43.641-04:00  INFO 47848 --- [auth] [           main] c.gTransitProject.auth.AuthApplication   : Starting AuthApplication v0.0.1-SNAPSHOT using Java 24.0.1 with PID 47848 (C:\Users\XznRh\Downloads\GProjectTransport-0.2.Rollback.zip-zip.zip.Ballrock.trgz-7z.zip.php.py.zip-sql\GProjectTransport-0.2.5\GProjectTransport-0.2.5\auth\target\auth-0.0.1-SNAPSHOT.jar started by XznRh in C:\Users\XznRh\Downloads\GProjectTransport-0.2.Rollback.zip-zip.zip.Ballrock.trgz-7z.zip.php.py.zip-sql\GProjectTransport-0.2.5\GProjectTransport-0.2.5)
2026-06-14T20:52:43.647-04:00  INFO 47848 --- [auth] [           main] c.gTransitProject.auth.AuthApplication   : No active profile set, falling back to 1 default profile: "default"
2026-06-14T20:52:44.876-04:00  INFO 47848 --- [auth] [           main] .s.d.r.c.RepositoryConfigurationDelegate : Bootstrapping Spring Data JPA repositories in DEFAULT mode.
2026-06-14T20:52:44.899-04:00  INFO 47848 --- [auth] [           main] .s.d.r.c.RepositoryConfigurationDelegate : Finished Spring Data repository scanning in 12 ms. Found 0 JPA repository interfaces.
2026-06-14T20:52:45.750-04:00  INFO 47848 --- [auth] [           main] o.s.boot.tomcat.TomcatWebServer          : Tomcat initialized with port 7780 (http)
2026-06-14T20:52:45.773-04:00  INFO 47848 --- [auth] [           main] o.apache.catalina.core.StandardService   : Starting service [Tomcat]
2026-06-14T20:52:45.773-04:00  INFO 47848 --- [auth] [           main] o.apache.catalina.core.StandardEngine    : Starting Servlet engine: [Apache Tomcat/11.0.21]
2026-06-14T20:52:45.832-04:00  INFO 47848 --- [auth] [           main] b.w.c.s.WebApplicationContextInitializer : Root WebApplicationContext: initialization completed in 2108 ms
2026-06-14T20:52:46.169-04:00  INFO 47848 --- [auth] [           main] org.hibernate.orm.jpa                    : HHH008540: Processing PersistenceUnitInfo [name: default]
2026-06-14T20:52:46.366-04:00  INFO 47848 --- [auth] [           main] org.hibernate.orm.core                   : HHH000001: Hibernate ORM core version 7.2.12.Final
2026-06-14T20:52:47.078-04:00  INFO 47848 --- [auth] [           main] o.s.o.j.p.SpringPersistenceUnitInfo      : No LoadTimeWeaver setup: ignoring JPA class transformer
2026-06-14T20:52:47.128-04:00  INFO 47848 --- [auth] [           main] com.zaxxer.hikari.HikariDataSource       : HikariPool-1 - Starting...
2026-06-14T20:52:47.410-04:00  INFO 47848 --- [auth] [           main] com.zaxxer.hikari.pool.HikariPool        : HikariPool-1 - Added connection com.mysql.cj.jdbc.ConnectionImpl@41f7c02d
2026-06-14T20:52:47.411-04:00  INFO 47848 --- [auth] [           main] com.zaxxer.hikari.HikariDataSource       : HikariPool-1 - Start completed.
2026-06-14T20:52:47.448-04:00  WARN 47848 --- [auth] [           main] org.hibernate.orm.core                   : HHH000511: The 5.5.5 version for [org.hibernate.dialect.MySQLDialect] is no longer supported, hence certain features may not work properly.The minimum supported version is 8.0.0. Check the community dialects project for available legacy versions.
2026-06-14T20:52:47.450-04:00  WARN 47848 --- [auth] [           main] org.hibernate.orm.deprecation            : HHH90000025: MySQLDialect does not need to be specified explicitly using 'hibernate.dialect' (remove the property setting and it will be selected by default)
2026-06-14T20:52:47.468-04:00  INFO 47848 --- [auth] [           main] org.hibernate.orm.connections.pooling    : HHH10001005: Database info:
	Database JDBC URL [jdbc:mysql://localhost:3306/transport_db_auth?createDatabaseIfNotExists=true]
	Database driver: MySQL Connector/J
	Database dialect: MySQLDialect
	Database version: 5.5.5
	Default catalog/schema: transport_db_auth/undefined
	Autocommit mode: undefined/unknown
	Isolation level: REPEATABLE_READ [default REPEATABLE_READ]
	JDBC fetch size: none
	Pool: DataSourceConnectionProvider
	Minimum pool size: undefined/unknown
	Maximum pool size: undefined/unknown
2026-06-14T20:52:47.788-04:00  INFO 47848 --- [auth] [           main] org.hibernate.orm.core                   : HHH000489: No JTA platform available (set 'hibernate.transaction.jta.platform' to enable JTA platform integration)
2026-06-14T20:52:47.796-04:00  INFO 47848 --- [auth] [           main] j.LocalContainerEntityManagerFactoryBean : Initialized JPA EntityManagerFactory for persistence unit 'default'
2026-06-14T20:52:48.057-04:00  WARN 47848 --- [auth] [           main] JpaBaseConfiguration$JpaWebConfiguration : spring.jpa.open-in-view is enabled by default. Therefore, database queries may be performed during view rendering. Explicitly configure spring.jpa.open-in-view to disable this warning
2026-06-14T20:52:48.985-04:00  INFO 47848 --- [auth] [           main] o.s.boot.tomcat.TomcatWebServer          : Tomcat started on port 7780 (http) with context path '/'
2026-06-14T20:52:49.015-04:00  INFO 47848 --- [auth] [           main] c.gTransitProject.auth.AuthApplication   : Started AuthApplication in 5.969 seconds (process running for 6.94)
2026-06-14T20:52:49.020-04:00  WARN 47848 --- [auth] [           main] o.s.core.events.SpringDocAppInitializer  : SpringDoc /v3/api-docs endpoint is enabled by default. To disable it in production, set the property 'springdoc.api-docs.enabled=false'
2026-06-14T20:52:49.021-04:00  WARN 47848 --- [auth] [           main] o.s.core.events.SpringDocAppInitializer  : SpringDoc /swagger-ui.html endpoint is enabled by default. To disable it in production, set the property 'springdoc.swagger-ui.enabled=false'
2026-06-14T21:07:01.726-04:00  INFO 47848 --- [auth] [ionShutdownHook] o.s.boot.tomcat.GracefulShutdown         : Commencing graceful shutdown. Waiting for active requests to complete
2026-06-14T21:07:01.794-04:00  INFO 47848 --- [auth] [tomcat-shutdown] o.s.boot.tomcat.GracefulShutdown         : Graceful shutdown complete
2026-06-14T21:07:01.825-04:00  INFO 47848 --- [auth] [ionShutdownHook] j.LocalContainerEntityManagerFactoryBean : Closing JPA EntityManagerFactory for persistence unit 'default'
2026-06-14T21:07:01.853-04:00  INFO 47848 --- [auth] [ionShutdownHook] com.zaxxer.hikari.HikariDataSource       : HikariPool-1 - Shutdown initiated...
2026-06-14T21:07:01.939-04:00  INFO 47848 --- [auth] [ionShutdownHook] com.zaxxer.hikari.HikariDataSource       : HikariPool-1 - Shutdown completed.
