
  .   ____          _            __ _ _
 /\\ / ___'_ __ _ _(_)_ __  __ _ \ \ \ \
( ( )\___ | '_ | '_| | '_ \/ _` | \ \ \ \
 \\/  ___)| |_)| | | | | || (_| |  ) ) ) )
  '  |____| .__|_| |_|_| |_\__, | / / / /
 =========|_|==============|___/=/_/_/_/

 :: Spring Boot ::                (v4.0.6)

2026-06-14T20:54:55.607-04:00  INFO 42148 --- [manufacturer] [           main] c.g.typeengine.TypeengineApplication     : Starting TypeengineApplication v0.0.1-SNAPSHOT using Java 24.0.1 with PID 42148 (C:\Users\XznRh\Downloads\GProjectTransport-0.2.Rollback.zip-zip.zip.Ballrock.trgz-7z.zip.php.py.zip-sql\GProjectTransport-0.2.5\GProjectTransport-0.2.5\typeengine\target\typeengine-0.0.1-SNAPSHOT.jar started by XznRh in C:\Users\XznRh\Downloads\GProjectTransport-0.2.Rollback.zip-zip.zip.Ballrock.trgz-7z.zip.php.py.zip-sql\GProjectTransport-0.2.5\GProjectTransport-0.2.5)
2026-06-14T20:54:55.612-04:00  INFO 42148 --- [manufacturer] [           main] c.g.typeengine.TypeengineApplication     : No active profile set, falling back to 1 default profile: "default"
2026-06-14T20:54:56.983-04:00  INFO 42148 --- [manufacturer] [           main] .s.d.r.c.RepositoryConfigurationDelegate : Bootstrapping Spring Data JPA repositories in DEFAULT mode.
2026-06-14T20:54:57.153-04:00  INFO 42148 --- [manufacturer] [           main] .s.d.r.c.RepositoryConfigurationDelegate : Finished Spring Data repository scanning in 158 ms. Found 1 JPA repository interface.
2026-06-14T20:54:57.910-04:00  INFO 42148 --- [manufacturer] [           main] o.s.boot.tomcat.TomcatWebServer          : Tomcat initialized with port 7772 (http)
2026-06-14T20:54:57.932-04:00  INFO 42148 --- [manufacturer] [           main] o.apache.catalina.core.StandardService   : Starting service [Tomcat]
2026-06-14T20:54:57.932-04:00  INFO 42148 --- [manufacturer] [           main] o.apache.catalina.core.StandardEngine    : Starting Servlet engine: [Apache Tomcat/11.0.21]
2026-06-14T20:54:57.995-04:00  INFO 42148 --- [manufacturer] [           main] b.w.c.s.WebApplicationContextInitializer : Root WebApplicationContext: initialization completed in 2296 ms
2026-06-14T20:54:58.332-04:00  INFO 42148 --- [manufacturer] [           main] org.hibernate.orm.jpa                    : HHH008540: Processing PersistenceUnitInfo [name: default]
2026-06-14T20:54:58.432-04:00  INFO 42148 --- [manufacturer] [           main] org.hibernate.orm.core                   : HHH000001: Hibernate ORM core version 7.2.12.Final
2026-06-14T20:54:59.030-04:00  INFO 42148 --- [manufacturer] [           main] o.s.o.j.p.SpringPersistenceUnitInfo      : No LoadTimeWeaver setup: ignoring JPA class transformer
2026-06-14T20:54:59.066-04:00  INFO 42148 --- [manufacturer] [           main] com.zaxxer.hikari.HikariDataSource       : HikariPool-1 - Starting...
2026-06-14T20:54:59.278-04:00  INFO 42148 --- [manufacturer] [           main] com.zaxxer.hikari.pool.HikariPool        : HikariPool-1 - Added connection com.mysql.cj.jdbc.ConnectionImpl@1d06801f
2026-06-14T20:54:59.280-04:00  INFO 42148 --- [manufacturer] [           main] com.zaxxer.hikari.HikariDataSource       : HikariPool-1 - Start completed.
2026-06-14T20:54:59.322-04:00  WARN 42148 --- [manufacturer] [           main] org.hibernate.orm.core                   : HHH000511: The 5.5.5 version for [org.hibernate.dialect.MySQLDialect] is no longer supported, hence certain features may not work properly.The minimum supported version is 8.0.0. Check the community dialects project for available legacy versions.
2026-06-14T20:54:59.326-04:00  WARN 42148 --- [manufacturer] [           main] org.hibernate.orm.deprecation            : HHH90000025: MySQLDialect does not need to be specified explicitly using 'hibernate.dialect' (remove the property setting and it will be selected by default)
2026-06-14T20:54:59.345-04:00  INFO 42148 --- [manufacturer] [           main] org.hibernate.orm.connections.pooling    : HHH10001005: Database info:
	Database JDBC URL [jdbc:mysql://localhost:3306/transport_db_typeengine?createDatabaseIfNotExists=true]
	Database driver: MySQL Connector/J
	Database dialect: MySQLDialect
	Database version: 5.5.5
	Default catalog/schema: transport_db_typeengine/undefined
	Autocommit mode: undefined/unknown
	Isolation level: REPEATABLE_READ [default REPEATABLE_READ]
	JDBC fetch size: none
	Pool: DataSourceConnectionProvider
	Minimum pool size: undefined/unknown
	Maximum pool size: undefined/unknown
2026-06-14T20:55:00.280-04:00  INFO 42148 --- [manufacturer] [           main] org.hibernate.orm.core                   : HHH000489: No JTA platform available (set 'hibernate.transaction.jta.platform' to enable JTA platform integration)
2026-06-14T20:55:00.329-04:00  INFO 42148 --- [manufacturer] [           main] j.LocalContainerEntityManagerFactoryBean : Initialized JPA EntityManagerFactory for persistence unit 'default'
2026-06-14T20:55:00.415-04:00  INFO 42148 --- [manufacturer] [           main] o.s.d.j.r.query.QueryEnhancerFactories   : Hibernate is in classpath; If applicable, HQL parser will be used.
2026-06-14T20:55:00.841-04:00  WARN 42148 --- [manufacturer] [           main] JpaBaseConfiguration$JpaWebConfiguration : spring.jpa.open-in-view is enabled by default. Therefore, database queries may be performed during view rendering. Explicitly configure spring.jpa.open-in-view to disable this warning
2026-06-14T20:55:01.589-04:00  INFO 42148 --- [manufacturer] [           main] o.s.boot.tomcat.TomcatWebServer          : Tomcat started on port 7772 (http) with context path '/'
2026-06-14T20:55:01.614-04:00  INFO 42148 --- [manufacturer] [           main] c.g.typeengine.TypeengineApplication     : Started TypeengineApplication in 6.677 seconds (process running for 7.477)
2026-06-14T20:55:01.619-04:00  WARN 42148 --- [manufacturer] [           main] o.s.core.events.SpringDocAppInitializer  : SpringDoc /v3/api-docs endpoint is enabled by default. To disable it in production, set the property 'springdoc.api-docs.enabled=false'
2026-06-14T20:55:01.620-04:00  WARN 42148 --- [manufacturer] [           main] o.s.core.events.SpringDocAppInitializer  : SpringDoc /swagger-ui.html endpoint is enabled by default. To disable it in production, set the property 'springdoc.swagger-ui.enabled=false'
2026-06-14T21:07:01.705-04:00  INFO 42148 --- [manufacturer] [ionShutdownHook] o.s.boot.tomcat.GracefulShutdown         : Commencing graceful shutdown. Waiting for active requests to complete
2026-06-14T21:07:01.744-04:00  INFO 42148 --- [manufacturer] [tomcat-shutdown] o.s.boot.tomcat.GracefulShutdown         : Graceful shutdown complete
2026-06-14T21:07:01.757-04:00  INFO 42148 --- [manufacturer] [ionShutdownHook] j.LocalContainerEntityManagerFactoryBean : Closing JPA EntityManagerFactory for persistence unit 'default'
2026-06-14T21:07:01.774-04:00  INFO 42148 --- [manufacturer] [ionShutdownHook] com.zaxxer.hikari.HikariDataSource       : HikariPool-1 - Shutdown initiated...
2026-06-14T21:07:01.819-04:00  INFO 42148 --- [manufacturer] [ionShutdownHook] com.zaxxer.hikari.HikariDataSource       : HikariPool-1 - Shutdown completed.
