
  .   ____          _            __ _ _
 /\\ / ___'_ __ _ _(_)_ __  __ _ \ \ \ \
( ( )\___ | '_ | '_| | '_ \/ _` | \ \ \ \
 \\/  ___)| |_)| | | | | || (_| |  ) ) ) )
  '  |____| .__|_| |_|_| |_\__, | / / / /
 =========|_|==============|___/=/_/_/_/

 :: Spring Boot ::                (v4.0.6)

2026-06-14T20:54:07.549-04:00  INFO 5840 --- [review] [           main] c.g.review.ReviewApplication             : Starting ReviewApplication v0.0.1-SNAPSHOT using Java 24.0.1 with PID 5840 (C:\Users\XznRh\Downloads\GProjectTransport-0.2.Rollback.zip-zip.zip.Ballrock.trgz-7z.zip.php.py.zip-sql\GProjectTransport-0.2.5\GProjectTransport-0.2.5\review\target\review-0.0.1-SNAPSHOT.jar started by XznRh in C:\Users\XznRh\Downloads\GProjectTransport-0.2.Rollback.zip-zip.zip.Ballrock.trgz-7z.zip.php.py.zip-sql\GProjectTransport-0.2.5\GProjectTransport-0.2.5)
2026-06-14T20:54:07.556-04:00  INFO 5840 --- [review] [           main] c.g.review.ReviewApplication             : No active profile set, falling back to 1 default profile: "default"
2026-06-14T20:54:08.936-04:00  INFO 5840 --- [review] [           main] .s.d.r.c.RepositoryConfigurationDelegate : Bootstrapping Spring Data JPA repositories in DEFAULT mode.
2026-06-14T20:54:08.961-04:00  INFO 5840 --- [review] [           main] .s.d.r.c.RepositoryConfigurationDelegate : Finished Spring Data repository scanning in 11 ms. Found 0 JPA repository interfaces.
2026-06-14T20:54:09.831-04:00  INFO 5840 --- [review] [           main] o.s.boot.tomcat.TomcatWebServer          : Tomcat initialized with port 7782 (http)
2026-06-14T20:54:09.853-04:00  INFO 5840 --- [review] [           main] o.apache.catalina.core.StandardService   : Starting service [Tomcat]
2026-06-14T20:54:09.853-04:00  INFO 5840 --- [review] [           main] o.apache.catalina.core.StandardEngine    : Starting Servlet engine: [Apache Tomcat/11.0.21]
2026-06-14T20:54:09.896-04:00  INFO 5840 --- [review] [           main] b.w.c.s.WebApplicationContextInitializer : Root WebApplicationContext: initialization completed in 2270 ms
2026-06-14T20:54:10.247-04:00  INFO 5840 --- [review] [           main] org.hibernate.orm.jpa                    : HHH008540: Processing PersistenceUnitInfo [name: default]
2026-06-14T20:54:10.383-04:00  INFO 5840 --- [review] [           main] org.hibernate.orm.core                   : HHH000001: Hibernate ORM core version 7.2.12.Final
2026-06-14T20:54:11.004-04:00  INFO 5840 --- [review] [           main] o.s.o.j.p.SpringPersistenceUnitInfo      : No LoadTimeWeaver setup: ignoring JPA class transformer
2026-06-14T20:54:11.034-04:00  INFO 5840 --- [review] [           main] com.zaxxer.hikari.HikariDataSource       : HikariPool-1 - Starting...
2026-06-14T20:54:11.270-04:00  INFO 5840 --- [review] [           main] com.zaxxer.hikari.pool.HikariPool        : HikariPool-1 - Added connection com.mysql.cj.jdbc.ConnectionImpl@14b5325f
2026-06-14T20:54:11.271-04:00  INFO 5840 --- [review] [           main] com.zaxxer.hikari.HikariDataSource       : HikariPool-1 - Start completed.
2026-06-14T20:54:11.322-04:00  WARN 5840 --- [review] [           main] org.hibernate.orm.core                   : HHH000511: The 5.5.5 version for [org.hibernate.dialect.MySQLDialect] is no longer supported, hence certain features may not work properly.The minimum supported version is 8.0.0. Check the community dialects project for available legacy versions.
2026-06-14T20:54:11.327-04:00  WARN 5840 --- [review] [           main] org.hibernate.orm.deprecation            : HHH90000025: MySQLDialect does not need to be specified explicitly using 'hibernate.dialect' (remove the property setting and it will be selected by default)
2026-06-14T20:54:11.349-04:00  INFO 5840 --- [review] [           main] org.hibernate.orm.connections.pooling    : HHH10001005: Database info:
	Database JDBC URL [jdbc:mysql://localhost:3306/transport_db_review?createDatabaseIfNotExists=true]
	Database driver: MySQL Connector/J
	Database dialect: MySQLDialect
	Database version: 5.5.5
	Default catalog/schema: transport_db_review/undefined
	Autocommit mode: undefined/unknown
	Isolation level: REPEATABLE_READ [default REPEATABLE_READ]
	JDBC fetch size: none
	Pool: DataSourceConnectionProvider
	Minimum pool size: undefined/unknown
	Maximum pool size: undefined/unknown
2026-06-14T20:54:11.727-04:00  INFO 5840 --- [review] [           main] org.hibernate.orm.core                   : HHH000489: No JTA platform available (set 'hibernate.transaction.jta.platform' to enable JTA platform integration)
2026-06-14T20:54:11.736-04:00  INFO 5840 --- [review] [           main] j.LocalContainerEntityManagerFactoryBean : Initialized JPA EntityManagerFactory for persistence unit 'default'
2026-06-14T20:54:11.997-04:00  WARN 5840 --- [review] [           main] JpaBaseConfiguration$JpaWebConfiguration : spring.jpa.open-in-view is enabled by default. Therefore, database queries may be performed during view rendering. Explicitly configure spring.jpa.open-in-view to disable this warning
2026-06-14T20:54:12.926-04:00  INFO 5840 --- [review] [           main] o.s.boot.tomcat.TomcatWebServer          : Tomcat started on port 7782 (http) with context path '/'
2026-06-14T20:54:12.946-04:00  INFO 5840 --- [review] [           main] c.g.review.ReviewApplication             : Started ReviewApplication in 5.983 seconds (process running for 6.857)
2026-06-14T20:54:12.950-04:00  WARN 5840 --- [review] [           main] o.s.core.events.SpringDocAppInitializer  : SpringDoc /v3/api-docs endpoint is enabled by default. To disable it in production, set the property 'springdoc.api-docs.enabled=false'
2026-06-14T20:54:12.950-04:00  WARN 5840 --- [review] [           main] o.s.core.events.SpringDocAppInitializer  : SpringDoc /swagger-ui.html endpoint is enabled by default. To disable it in production, set the property 'springdoc.swagger-ui.enabled=false'
2026-06-14T21:07:01.741-04:00  INFO 5840 --- [review] [ionShutdownHook] o.s.boot.tomcat.GracefulShutdown         : Commencing graceful shutdown. Waiting for active requests to complete
2026-06-14T21:07:01.854-04:00  INFO 5840 --- [review] [tomcat-shutdown] o.s.boot.tomcat.GracefulShutdown         : Graceful shutdown complete
2026-06-14T21:07:01.888-04:00  INFO 5840 --- [review] [ionShutdownHook] j.LocalContainerEntityManagerFactoryBean : Closing JPA EntityManagerFactory for persistence unit 'default'
2026-06-14T21:07:01.914-04:00  INFO 5840 --- [review] [ionShutdownHook] com.zaxxer.hikari.HikariDataSource       : HikariPool-1 - Shutdown initiated...
2026-06-14T21:07:01.971-04:00  INFO 5840 --- [review] [ionShutdownHook] com.zaxxer.hikari.HikariDataSource       : HikariPool-1 - Shutdown completed.
