01:03:19 INFO  Starting ReviewApplication v0.0.1-SNAPSHOT using Java 24.0.1 with PID 19044 (C:\Users\XznRh\Downloads\rnwh19h\review\target\maintenance-0.0.1-SNAPSHOT.jar started by XznRh in C:\Users\XznRh\Downloads\rnwh19h)
01:03:19 INFO  No active profile set, falling back to 1 default profile: "default"
01:03:22 INFO  Bootstrapping Spring Data JPA repositories in DEFAULT mode.
01:03:22 INFO  Finished Spring Data repository scanning in 122 ms. Found 1 JPA repository interface.
01:03:25 INFO  Tomcat initialized with port 7782 (http)
01:03:25 INFO  Starting service [Tomcat]
01:03:25 INFO  Starting Servlet engine: [Apache Tomcat/10.1.34]
01:03:25 INFO  Initializing Spring embedded WebApplicationContext
01:03:25 INFO  Root WebApplicationContext: initialization completed in 5705 ms
01:03:25 INFO  HikariPool-1 - Starting...
01:03:26 INFO  HikariPool-1 - Added connection com.mysql.cj.jdbc.ConnectionImpl@6637a365
01:03:26 INFO  HikariPool-1 - Start completed.
01:03:29 INFO  Reading from transport_db_review.databasechangelog
01:03:29 INFO  Database is up to date, no changesets to execute
01:03:29 INFO  Reading from transport_db_review.databasechangelog
01:03:29 INFO  UPDATE SUMMARY
01:03:29 INFO  Run:                          0
01:03:29 INFO  Previously run:               0
01:03:29 INFO  Filtered out:                 0
01:03:29 INFO  -------------------------------
01:03:29 INFO  Total change sets:            0
01:03:29 INFO  Update summary generated
01:03:29 INFO  Command execution complete
01:03:30 INFO  HHH000204: Processing PersistenceUnitInfo [name: default]
01:03:30 INFO  HHH000412: Hibernate ORM core version 6.6.4.Final
01:03:30 INFO  HHH000026: Second-level cache disabled
01:03:31 INFO  No LoadTimeWeaver setup: ignoring JPA class transformer
01:03:31 WARN  HHH000511: The 5.5.5 version for [org.hibernate.dialect.MySQLDialect] is no longer supported, hence certain features may not work properly. The minimum supported version is 8.0.0. Check the community dialects project for available legacy versions.
01:03:31 WARN  HHH90000025: MySQLDialect does not need to be specified explicitly using 'hibernate.dialect' (remove the property setting and it will be selected by default)
01:03:31 INFO  HHH10001005: Database info:
	Database JDBC URL [Connecting through datasource 'HikariDataSource (HikariPool-1)']
	Database driver: undefined/unknown
	Database version: 5.5.5
	Autocommit mode: undefined/unknown
	Isolation level: undefined/unknown
	Minimum pool size: undefined/unknown
	Maximum pool size: undefined/unknown
01:03:33 INFO  HHH000489: No JTA platform available (set 'hibernate.transaction.jta.platform' to enable JTA platform integration)
01:03:33 INFO  Initialized JPA EntityManagerFactory for persistence unit 'default'
01:03:35 WARN  spring.jpa.open-in-view is enabled by default. Therefore, database queries may be performed during view rendering. Explicitly configure spring.jpa.open-in-view to disable this warning
01:03:38 INFO  Tomcat started on port 7782 (http) with context path '/'
01:03:38 INFO  Started ReviewApplication in 20.068 seconds (process running for 21.582)
