01:03:44 INFO  Starting TypeengineApplication v0.0.1-SNAPSHOT using Java 24.0.1 with PID 13608 (C:\Users\XznRh\Downloads\rnwh19h\typeengine\target\maintenance-0.0.1-SNAPSHOT.jar started by XznRh in C:\Users\XznRh\Downloads\rnwh19h)
01:03:44 INFO  No active profile set, falling back to 1 default profile: "default"
01:03:48 INFO  Bootstrapping Spring Data JPA repositories in DEFAULT mode.
01:03:48 INFO  Finished Spring Data repository scanning in 156 ms. Found 1 JPA repository interface.
01:03:50 INFO  Tomcat initialized with port 7772 (http)
01:03:50 INFO  Starting service [Tomcat]
01:03:50 INFO  Starting Servlet engine: [Apache Tomcat/10.1.34]
01:03:50 INFO  Initializing Spring embedded WebApplicationContext
01:03:50 INFO  Root WebApplicationContext: initialization completed in 6007 ms
01:03:51 INFO  HikariPool-1 - Starting...
01:03:52 INFO  HikariPool-1 - Added connection com.mysql.cj.jdbc.ConnectionImpl@528c8c1
01:03:52 INFO  HikariPool-1 - Start completed.
01:03:54 INFO  Reading from transport_db_typeengine.databasechangelog
01:03:54 INFO  Database is up to date, no changesets to execute
01:03:54 INFO  Reading from transport_db_typeengine.databasechangelog
01:03:54 INFO  UPDATE SUMMARY
01:03:54 INFO  Run:                          0
01:03:54 INFO  Previously run:               0
01:03:54 INFO  Filtered out:                 0
01:03:54 INFO  -------------------------------
01:03:54 INFO  Total change sets:            0
01:03:54 INFO  Update summary generated
01:03:54 INFO  Command execution complete
01:03:54 INFO  HHH000204: Processing PersistenceUnitInfo [name: default]
01:03:55 INFO  HHH000412: Hibernate ORM core version 6.6.4.Final
01:03:55 INFO  HHH000026: Second-level cache disabled
01:03:55 INFO  No LoadTimeWeaver setup: ignoring JPA class transformer
01:03:56 WARN  HHH000511: The 5.5.5 version for [org.hibernate.dialect.MySQLDialect] is no longer supported, hence certain features may not work properly. The minimum supported version is 8.0.0. Check the community dialects project for available legacy versions.
01:03:56 WARN  HHH90000025: MySQLDialect does not need to be specified explicitly using 'hibernate.dialect' (remove the property setting and it will be selected by default)
01:03:56 INFO  HHH10001005: Database info:
	Database JDBC URL [Connecting through datasource 'HikariDataSource (HikariPool-1)']
	Database driver: undefined/unknown
	Database version: 5.5.5
	Autocommit mode: undefined/unknown
	Isolation level: undefined/unknown
	Minimum pool size: undefined/unknown
	Maximum pool size: undefined/unknown
01:03:58 INFO  HHH000489: No JTA platform available (set 'hibernate.transaction.jta.platform' to enable JTA platform integration)
01:03:58 INFO  Initialized JPA EntityManagerFactory for persistence unit 'default'
01:03:59 WARN  spring.jpa.open-in-view is enabled by default. Therefore, database queries may be performed during view rendering. Explicitly configure spring.jpa.open-in-view to disable this warning
01:04:00 INFO  Tomcat started on port 7772 (http) with context path '/'
01:04:00 INFO  Started TypeengineApplication in 18.152 seconds (process running for 19.692)
