
  .   ____          _            __ _ _
 /\\ / ___'_ __ _ _(_)_ __  __ _ \ \ \ \
( ( )\___ | '_ | '_| | '_ \/ _` | \ \ \ \
 \\/  ___)| |_)| | | | | || (_| |  ) ) ) )
  '  |____| .__|_| |_|_| |_\__, | / / / /
 =========|_|==============|___/=/_/_/_/

 :: Spring Boot ::                (v4.1.0)

2026-06-20T16:34:32.683-04:00  INFO 41120 --- [supervisor] [           main] c.g.supervisor.SupervisorApplication     : Starting SupervisorApplication v0.0.1-SNAPSHOT using Java 24.0.1 with PID 41120 (C:\Users\XznRh\Downloads\remote-repo-20261-main\remote-repo-20261-main\supervisor\target\supervisor-0.0.1-SNAPSHOT.jar started by XznRh in C:\Users\XznRh\Downloads\remote-repo-20261-main\remote-repo-20261-main)
2026-06-20T16:34:32.687-04:00  INFO 41120 --- [supervisor] [           main] c.g.supervisor.SupervisorApplication     : No active profile set, falling back to 1 default profile: "default"
2026-06-20T16:34:33.921-04:00  INFO 41120 --- [supervisor] [           main] .s.d.r.c.RepositoryConfigurationDelegate : Bootstrapping Spring Data JPA repositories in DEFAULT mode.
2026-06-20T16:34:34.102-04:00  INFO 41120 --- [supervisor] [           main] .s.d.r.c.RepositoryConfigurationDelegate : Finished Spring Data repository scanning in 170 ms. Found 1 JPA repository interface.
2026-06-20T16:34:35.213-04:00  INFO 41120 --- [supervisor] [           main] o.s.boot.tomcat.TomcatWebServer          : Tomcat initialized with port 7781 (http)
2026-06-20T16:34:35.240-04:00  INFO 41120 --- [supervisor] [           main] o.apache.catalina.core.StandardService   : Starting service [Tomcat]
2026-06-20T16:34:35.241-04:00  INFO 41120 --- [supervisor] [           main] o.apache.catalina.core.StandardEngine    : Starting Servlet engine: [Apache Tomcat/11.0.22]
2026-06-20T16:34:35.301-04:00  INFO 41120 --- [supervisor] [           main] b.w.c.s.WebApplicationContextInitializer : Root WebApplicationContext: initialization completed in 2550 ms
2026-06-20T16:34:35.901-04:00  INFO 41120 --- [supervisor] [           main] org.hibernate.orm.jpa                    : HHH008540: Processing PersistenceUnitInfo [name: default]
2026-06-20T16:34:36.090-04:00  INFO 41120 --- [supervisor] [           main] org.hibernate.orm.core                   : HHH000001: Hibernate ORM core version 7.4.1.Final
2026-06-20T16:34:36.793-04:00  INFO 41120 --- [supervisor] [           main] o.s.o.j.p.SpringPersistenceUnitInfo      : No LoadTimeWeaver setup: ignoring JPA class transformer
2026-06-20T16:34:36.822-04:00  INFO 41120 --- [supervisor] [           main] com.zaxxer.hikari.HikariDataSource       : HikariPool-1 - Starting...
2026-06-20T16:34:37.014-04:00  INFO 41120 --- [supervisor] [           main] com.zaxxer.hikari.pool.HikariPool        : HikariPool-1 - Added connection com.mysql.cj.jdbc.ConnectionImpl@476c137b
2026-06-20T16:34:37.016-04:00  INFO 41120 --- [supervisor] [           main] com.zaxxer.hikari.HikariDataSource       : HikariPool-1 - Start completed.
2026-06-20T16:34:37.057-04:00  WARN 41120 --- [supervisor] [           main] org.hibernate.orm.core                   : HHH000511: The 5.5.5 version for [org.hibernate.dialect.MySQLDialect] is no longer supported, hence certain features may not work properly.The minimum supported version is 8.0.0. Check the community dialects project for available legacy versions.
2026-06-20T16:34:37.061-04:00  WARN 41120 --- [supervisor] [           main] org.hibernate.orm.deprecation            : HHH90000025: MySQLDialect does not need to be specified explicitly using 'hibernate.dialect' (remove the property setting and it will be selected by default)
2026-06-20T16:34:37.083-04:00  INFO 41120 --- [supervisor] [           main] org.hibernate.orm.connections.pooling    : HHH10001005: Database info:
	Database JDBC URL [jdbc:mysql://localhost:3306/transport_db_supervisor?createDatabaseIfNotExists=true]
	Database driver: MySQL Connector/J
	Database dialect: MySQLDialect
	Database version: 5.5.5
	Default catalog/schema: transport_db_supervisor/undefined
	Autocommit mode: undefined/unknown
	Isolation level: REPEATABLE_READ [default REPEATABLE_READ]
	JDBC fetch size: none
	Pool: DataSourceConnectionProvider
	Minimum pool size: undefined/unknown
	Maximum pool size: undefined/unknown
2026-06-20T16:34:38.090-04:00  INFO 41120 --- [supervisor] [           main] org.hibernate.orm.core                   : HHH000489: No JTA platform available (set 'hibernate.transaction.jta.platform' to enable JTA platform integration)
2026-06-20T16:34:38.160-04:00  INFO 41120 --- [supervisor] [           main] j.LocalContainerEntityManagerFactoryBean : Initialized JPA EntityManagerFactory for persistence unit 'default'
2026-06-20T16:34:38.258-04:00  INFO 41120 --- [supervisor] [           main] o.s.d.j.r.query.QueryEnhancerFactories   : Hibernate is in classpath; If applicable, HQL parser will be used.
2026-06-20T16:34:38.529-04:00  INFO 41120 --- [supervisor] [           main] liquibase.integration                    : Liquibase did not run because 'shouldRun' property was set to false on liquibase Liquibase Spring bean.
2026-06-20T16:34:38.775-04:00  WARN 41120 --- [supervisor] [           main] JpaBaseConfiguration$JpaWebConfiguration : spring.jpa.open-in-view is enabled by default. Therefore, database queries may be performed during view rendering. Explicitly configure spring.jpa.open-in-view to disable this warning
2026-06-20T16:34:39.649-04:00  INFO 41120 --- [supervisor] [           main] o.s.boot.tomcat.TomcatWebServer          : Tomcat started on port 7781 (http) with context path '/'
2026-06-20T16:34:39.678-04:00  INFO 41120 --- [supervisor] [           main] c.g.supervisor.SupervisorApplication     : Started SupervisorApplication in 7.614 seconds (process running for 8.491)
2026-06-20T16:34:39.681-04:00  WARN 41120 --- [supervisor] [           main] o.s.core.events.SpringDocAppInitializer  : SpringDoc /v3/api-docs endpoint is enabled by default. To disable it in production, set the property 'springdoc.api-docs.enabled=false'
2026-06-20T16:34:39.684-04:00  WARN 41120 --- [supervisor] [           main] o.s.core.events.SpringDocAppInitializer  : SpringDoc /swagger-ui.html endpoint is enabled by default. To disable it in production, set the property 'springdoc.swagger-ui.enabled=false'
2026-06-20T16:35:04.364-04:00  INFO 41120 --- [supervisor] [ionShutdownHook] o.s.boot.tomcat.GracefulShutdown         : Commencing graceful shutdown. Waiting for active requests to complete
2026-06-20T16:35:04.392-04:00  INFO 41120 --- [supervisor] [tomcat-shutdown] o.s.boot.tomcat.GracefulShutdown         : Graceful shutdown complete
2026-06-20T16:35:04.398-04:00  INFO 41120 --- [supervisor] [ionShutdownHook] j.LocalContainerEntityManagerFactoryBean : Closing JPA EntityManagerFactory for persistence unit 'default'
2026-06-20T16:35:04.403-04:00  INFO 41120 --- [supervisor] [ionShutdownHook] com.zaxxer.hikari.HikariDataSource       : HikariPool-1 - Shutdown initiated...
2026-06-20T16:35:04.424-04:00  INFO 41120 --- [supervisor] [ionShutdownHook] com.zaxxer.hikari.HikariDataSource       : HikariPool-1 - Shutdown completed.
