[INFO] Scanning for projects...
[INFO] 
[INFO] ----------------------< com.transit:api-gateway >-----------------------
[INFO] Building  0.0.1-SNAPSHOT
[INFO]   from pom.xml
[INFO] --------------------------------[ jar ]---------------------------------
[INFO] 
[INFO] >>> spring-boot:4.1.0:run (default-cli) > test-compile @ api-gateway >>>
[INFO] 
[INFO] --- resources:3.5.0:resources (default-resources) @ api-gateway ---
[INFO] Copying 1 resource from src\main\resources to target\classes
[INFO] Copying 0 resource from src\main\resources to target\classes
[INFO] 
[INFO] --- compiler:3.15.0:compile (default-compile) @ api-gateway ---
[INFO] Nothing to compile - all classes are up to date.
[INFO] 
[INFO] --- resources:3.5.0:testResources (default-testResources) @ api-gateway ---
[INFO] skip non existing resourceDirectory c:\Users\XznRh\Downloads\exam-release\exam-release\api-gateway\src\test\resources
[INFO] 
[INFO] --- compiler:3.15.0:testCompile (default-testCompile) @ api-gateway ---
[INFO] Nothing to compile - all classes are up to date.
[INFO] 
[INFO] <<< spring-boot:4.1.0:run (default-cli) < test-compile @ api-gateway <<<
[INFO] 
[INFO] 
[INFO] --- spring-boot:4.1.0:run (default-cli) @ api-gateway ---
[INFO] Attaching agents: []

  .   ____          _            __ _ _
 /\\ / ___'_ __ _ _(_)_ __  __ _ \ \ \ \
( ( )\___ | '_ | '_| | '_ \/ _` | \ \ \ \
 \\/  ___)| |_)| | | | | || (_| |  ) ) ) )
  '  |____| .__|_| |_|_| |_\__, | / / / /
 =========|_|==============|___/=/_/_/_/

 :: Spring Boot ::                (v4.1.0)

2026-07-09T21:54:46.894-04:00  INFO 25172 --- [api-gateway] [  restartedMain] c.t.api_gateway.ApiGatewayApplication    : Starting ApiGatewayApplication using Java 21.0.10 with PID 25172 (c:\Users\XznRh\Downloads\exam-release\exam-release\api-gateway\target\classes started by XznRh in c:\Users\XznRh\Downloads\exam-release\exam-release\api-gateway)
2026-07-09T21:54:46.899-04:00  INFO 25172 --- [api-gateway] [  restartedMain] c.t.api_gateway.ApiGatewayApplication    : No active profile set, falling back to 1 default profile: "default"
2026-07-09T21:54:46.966-04:00  INFO 25172 --- [api-gateway] [  restartedMain] .e.DevToolsPropertyDefaultsPostProcessor : Devtools property defaults active! Set 'spring.devtools.add-properties' to 'false' to disable
2026-07-09T21:54:51.345-04:00  INFO 25172 --- [api-gateway] [  restartedMain] o.s.cloud.context.scope.GenericScope     : BeanFactory id=7ef71ed1-79cb-313d-b6fc-b7c6b142a551
2026-07-09T21:54:55.047-04:00  INFO 25172 --- [api-gateway] [  restartedMain] o.s.cloud.commons.util.InetUtils         : Cannot determine local hostname
2026-07-09T21:54:55.392-04:00  WARN 25172 --- [api-gateway] [  restartedMain] o.h.v.i.m.a.CascadingMetaDataBuilder     : HV000271: Using `@Valid` on a container (java.util.List) is deprecated. You should apply the annotation on the type argument(s). Affected element: routes
2026-07-09T21:54:55.693-04:00  INFO 25172 --- [api-gateway] [  restartedMain] o.s.c.g.r.RouteDefinitionRouteLocator    : Loaded RoutePredicateFactory [After]
2026-07-09T21:54:55.693-04:00  INFO 25172 --- [api-gateway] [  restartedMain] o.s.c.g.r.RouteDefinitionRouteLocator    : Loaded RoutePredicateFactory [Before]
2026-07-09T21:54:55.693-04:00  INFO 25172 --- [api-gateway] [  restartedMain] o.s.c.g.r.RouteDefinitionRouteLocator    : Loaded RoutePredicateFactory [Between]
2026-07-09T21:54:55.693-04:00  INFO 25172 --- [api-gateway] [  restartedMain] o.s.c.g.r.RouteDefinitionRouteLocator    : Loaded RoutePredicateFactory [Cookie]
2026-07-09T21:54:55.694-04:00  INFO 25172 --- [api-gateway] [  restartedMain] o.s.c.g.r.RouteDefinitionRouteLocator    : Loaded RoutePredicateFactory [Header]
2026-07-09T21:54:55.694-04:00  INFO 25172 --- [api-gateway] [  restartedMain] o.s.c.g.r.RouteDefinitionRouteLocator    : Loaded RoutePredicateFactory [Host]
2026-07-09T21:54:55.694-04:00  INFO 25172 --- [api-gateway] [  restartedMain] o.s.c.g.r.RouteDefinitionRouteLocator    : Loaded RoutePredicateFactory [Method]
2026-07-09T21:54:55.694-04:00  INFO 25172 --- [api-gateway] [  restartedMain] o.s.c.g.r.RouteDefinitionRouteLocator    : Loaded RoutePredicateFactory [Path]
2026-07-09T21:54:55.694-04:00  INFO 25172 --- [api-gateway] [  restartedMain] o.s.c.g.r.RouteDefinitionRouteLocator    : Loaded RoutePredicateFactory [Query]
2026-07-09T21:54:55.694-04:00  INFO 25172 --- [api-gateway] [  restartedMain] o.s.c.g.r.RouteDefinitionRouteLocator    : Loaded RoutePredicateFactory [ReadBody]
2026-07-09T21:54:55.694-04:00  INFO 25172 --- [api-gateway] [  restartedMain] o.s.c.g.r.RouteDefinitionRouteLocator    : Loaded RoutePredicateFactory [RemoteAddr]
2026-07-09T21:54:55.694-04:00  INFO 25172 --- [api-gateway] [  restartedMain] o.s.c.g.r.RouteDefinitionRouteLocator    : Loaded RoutePredicateFactory [Version]
2026-07-09T21:54:55.694-04:00  INFO 25172 --- [api-gateway] [  restartedMain] o.s.c.g.r.RouteDefinitionRouteLocator    : Loaded RoutePredicateFactory [XForwardedRemoteAddr]
2026-07-09T21:54:55.695-04:00  INFO 25172 --- [api-gateway] [  restartedMain] o.s.c.g.r.RouteDefinitionRouteLocator    : Loaded RoutePredicateFactory [Weight]
2026-07-09T21:54:55.695-04:00  INFO 25172 --- [api-gateway] [  restartedMain] o.s.c.g.r.RouteDefinitionRouteLocator    : Loaded RoutePredicateFactory [CloudFoundryRouteService]
2026-07-09T21:54:56.086-04:00  INFO 25172 --- [api-gateway] [  restartedMain] o.s.b.a.e.web.EndpointLinksResolver      : Exposing 0 endpoints beneath base path '/actuator'
2026-07-09T21:54:57.597-04:00  INFO 25172 --- [api-gateway] [  restartedMain] o.s.cloud.commons.util.InetUtils         : Cannot determine local hostname
2026-07-09T21:54:58.646-04:00  INFO 25172 --- [api-gateway] [  restartedMain] o.s.cloud.commons.util.InetUtils         : Cannot determine local hostname
2026-07-09T21:54:58.949-04:00  INFO 25172 --- [api-gateway] [  restartedMain] DiscoveryClientOptionalArgsConfiguration : Eureka HTTP Client uses RestClient.
2026-07-09T21:54:59.031-04:00  WARN 25172 --- [api-gateway] [  restartedMain] iguration$LoadBalancerCaffeineWarnLogger : Spring Cloud LoadBalancer is currently working with the default cache. While this cache implementation is useful for development and tests, it's recommended to use Caffeine cache in production.You can switch to using Caffeine cache, by adding it and org.springframework.cache.caffeine.CaffeineCacheManager to the classpath.
2026-07-09T21:54:59.151-04:00  INFO 25172 --- [api-gateway] [  restartedMain] o.s.c.n.eureka.InstanceInfoFactory       : Setting initial instance status as: STARTING
2026-07-09T21:54:59.198-04:00  INFO 25172 --- [api-gateway] [  restartedMain] com.netflix.discovery.DiscoveryClient    : Initializing Eureka in region us-east-1
2026-07-09T21:54:59.207-04:00  INFO 25172 --- [api-gateway] [  restartedMain] c.n.d.s.r.aws.ConfigClusterResolver      : Resolving eureka endpoints via configuration
2026-07-09T21:54:59.220-04:00  INFO 25172 --- [api-gateway] [  restartedMain] com.netflix.discovery.DiscoveryClient    : Disable delta property : false
2026-07-09T21:54:59.221-04:00  INFO 25172 --- [api-gateway] [  restartedMain] com.netflix.discovery.DiscoveryClient    : Single vip registry refresh property : null
2026-07-09T21:54:59.221-04:00  INFO 25172 --- [api-gateway] [  restartedMain] com.netflix.discovery.DiscoveryClient    : Force full registry fetch : false
2026-07-09T21:54:59.221-04:00  INFO 25172 --- [api-gateway] [  restartedMain] com.netflix.discovery.DiscoveryClient    : Application is null : false
2026-07-09T21:54:59.221-04:00  INFO 25172 --- [api-gateway] [  restartedMain] com.netflix.discovery.DiscoveryClient    : Registered Applications size is zero : true
2026-07-09T21:54:59.221-04:00  INFO 25172 --- [api-gateway] [  restartedMain] com.netflix.discovery.DiscoveryClient    : Application version is -1: true
2026-07-09T21:54:59.221-04:00  INFO 25172 --- [api-gateway] [  restartedMain] com.netflix.discovery.DiscoveryClient    : Getting all instance registry info from the eureka server
2026-07-09T21:55:00.233-04:00  INFO 25172 --- [api-gateway] [  restartedMain] com.netflix.discovery.DiscoveryClient    : The response status is 200
2026-07-09T21:55:00.238-04:00  INFO 25172 --- [api-gateway] [  restartedMain] com.netflix.discovery.DiscoveryClient    : Starting heartbeat executor: renew interval is: 30
2026-07-09T21:55:00.241-04:00  INFO 25172 --- [api-gateway] [  restartedMain] c.n.discovery.InstanceInfoReplicator     : InstanceInfoReplicator onDemand update allowed rate per min is 4
2026-07-09T21:55:00.247-04:00  INFO 25172 --- [api-gateway] [  restartedMain] com.netflix.discovery.DiscoveryClient    : Discovery Client initialized at timestamp 1783648500245 with initial instances count: 0
2026-07-09T21:55:00.259-04:00  INFO 25172 --- [api-gateway] [  restartedMain] o.s.c.n.e.s.EurekaServiceRegistry        : Registering application API-GATEWAY with eureka with status UP
2026-07-09T21:55:00.260-04:00  INFO 25172 --- [api-gateway] [  restartedMain] com.netflix.discovery.DiscoveryClient    : Saw local status change event StatusChangeEvent [timestamp=1783648500260, current=UP, previous=STARTING]
2026-07-09T21:55:00.264-04:00  INFO 25172 --- [api-gateway] [foReplicator-%d] com.netflix.discovery.DiscoveryClient    : DiscoveryClient_API-GATEWAY/localhost:api-gateway:8080: registering service...
2026-07-09T21:55:00.337-04:00 DEBUG 25172 --- [api-gateway] [  restartedMain] o.s.c.g.filter.GatewayMetricsFilter      : New routes count: 0
2026-07-09T21:55:00.488-04:00  INFO 25172 --- [api-gateway] [foReplicator-%d] com.netflix.discovery.DiscoveryClient    : DiscoveryClient_API-GATEWAY/localhost:api-gateway:8080 - registration status: 204
2026-07-09T21:55:00.820-04:00  INFO 25172 --- [api-gateway] [  restartedMain] o.s.boot.reactor.netty.NettyWebServer    : Netty started on port 8080 (http)
2026-07-09T21:55:00.823-04:00  INFO 25172 --- [api-gateway] [  restartedMain] .s.c.n.e.s.EurekaAutoServiceRegistration : Updating port to 8080
2026-07-09T21:55:01.883-04:00  INFO 25172 --- [api-gateway] [  restartedMain] o.s.cloud.commons.util.InetUtils         : Cannot determine local hostname
2026-07-09T21:55:02.940-04:00  INFO 25172 --- [api-gateway] [  restartedMain] o.s.cloud.commons.util.InetUtils         : Cannot determine local hostname
2026-07-09T21:55:02.957-04:00 DEBUG 25172 --- [api-gateway] [  restartedMain] o.s.c.g.filter.GatewayMetricsFilter      : New routes count: 0
2026-07-09T21:55:02.961-04:00  INFO 25172 --- [api-gateway] [  restartedMain] c.t.api_gateway.ApiGatewayApplication    : Started ApiGatewayApplication in 18.046 seconds (process running for 20.836)
2026-07-09T21:55:30.247-04:00  INFO 25172 --- [api-gateway] [reshExecutor-%d] com.netflix.discovery.DiscoveryClient    : Disable delta property : false
2026-07-09T21:55:30.247-04:00  INFO 25172 --- [api-gateway] [reshExecutor-%d] com.netflix.discovery.DiscoveryClient    : Single vip registry refresh property : null
2026-07-09T21:55:30.247-04:00  INFO 25172 --- [api-gateway] [reshExecutor-%d] com.netflix.discovery.DiscoveryClient    : Force full registry fetch : false
2026-07-09T21:55:30.247-04:00  INFO 25172 --- [api-gateway] [reshExecutor-%d] com.netflix.discovery.DiscoveryClient    : Application is null : false
2026-07-09T21:55:30.247-04:00  INFO 25172 --- [api-gateway] [reshExecutor-%d] com.netflix.discovery.DiscoveryClient    : Registered Applications size is zero : true
2026-07-09T21:55:30.247-04:00  INFO 25172 --- [api-gateway] [reshExecutor-%d] com.netflix.discovery.DiscoveryClient    : Application version is -1: false
2026-07-09T21:55:30.247-04:00  INFO 25172 --- [api-gateway] [reshExecutor-%d] com.netflix.discovery.DiscoveryClient    : Getting all instance registry info from the eureka server
2026-07-09T21:55:30.281-04:00  INFO 25172 --- [api-gateway] [reshExecutor-%d] com.netflix.discovery.DiscoveryClient    : The response status is 200
2026-07-09T21:55:30.282-04:00 DEBUG 25172 --- [api-gateway] [reshExecutor-%d] o.s.c.g.filter.GatewayMetricsFilter      : New routes count: 0
2026-07-09T21:56:00.313-04:00 DEBUG 25172 --- [api-gateway] [reshExecutor-%d] o.s.c.g.filter.GatewayMetricsFilter      : New routes count: 0
2026-07-09T21:56:30.349-04:00 DEBUG 25172 --- [api-gateway] [reshExecutor-%d] o.s.c.g.filter.GatewayMetricsFilter      : New routes count: 0
2026-07-09T21:57:00.370-04:00 DEBUG 25172 --- [api-gateway] [reshExecutor-%d] o.s.c.g.filter.GatewayMetricsFilter      : New routes count: 0
2026-07-09T21:57:30.396-04:00 DEBUG 25172 --- [api-gateway] [reshExecutor-%d] o.s.c.g.filter.GatewayMetricsFilter      : New routes count: 0
2026-07-09T21:58:00.425-04:00 DEBUG 25172 --- [api-gateway] [reshExecutor-%d] o.s.c.g.filter.GatewayMetricsFilter      : New routes count: 0
2026-07-09T21:58:30.452-04:00 DEBUG 25172 --- [api-gateway] [reshExecutor-%d] o.s.c.g.filter.GatewayMetricsFilter      : New routes count: 0
2026-07-09T21:59:00.484-04:00 DEBUG 25172 --- [api-gateway] [reshExecutor-%d] o.s.c.g.filter.GatewayMetricsFilter      : New routes count: 0
2026-07-09T21:59:30.508-04:00 DEBUG 25172 --- [api-gateway] [reshExecutor-%d] o.s.c.g.filter.GatewayMetricsFilter      : New routes count: 0
2026-07-09T21:59:59.230-04:00  INFO 25172 --- [api-gateway] [rap-executor-%d] c.n.d.s.r.aws.ConfigClusterResolver      : Resolving eureka endpoints via configuration
2026-07-09T22:00:00.530-04:00 DEBUG 25172 --- [api-gateway] [reshExecutor-%d] o.s.c.g.filter.GatewayMetricsFilter      : New routes count: 0
2026-07-09T22:00:30.550-04:00 DEBUG 25172 --- [api-gateway] [reshExecutor-%d] o.s.c.g.filter.GatewayMetricsFilter      : New routes count: 0
2026-07-09T22:01:00.570-04:00 DEBUG 25172 --- [api-gateway] [reshExecutor-%d] o.s.c.g.filter.GatewayMetricsFilter      : New routes count: 0
2026-07-09T22:01:30.590-04:00 DEBUG 25172 --- [api-gateway] [reshExecutor-%d] o.s.c.g.filter.GatewayMetricsFilter      : New routes count: 0
2026-07-09T22:02:00.610-04:00 DEBUG 25172 --- [api-gateway] [reshExecutor-%d] o.s.c.g.filter.GatewayMetricsFilter      : New routes count: 0
2026-07-09T22:02:30.628-04:00 DEBUG 25172 --- [api-gateway] [reshExecutor-%d] o.s.c.g.filter.GatewayMetricsFilter      : New routes count: 0
2026-07-09T22:03:00.653-04:00 DEBUG 25172 --- [api-gateway] [reshExecutor-%d] o.s.c.g.filter.GatewayMetricsFilter      : New routes count: 0
2026-07-09T22:03:30.671-04:00 DEBUG 25172 --- [api-gateway] [reshExecutor-%d] o.s.c.g.filter.GatewayMetricsFilter      : New routes count: 0
2026-07-09T22:04:00.699-04:00 DEBUG 25172 --- [api-gateway] [reshExecutor-%d] o.s.c.g.filter.GatewayMetricsFilter      : New routes count: 0
2026-07-09T22:04:30.724-04:00 DEBUG 25172 --- [api-gateway] [reshExecutor-%d] o.s.c.g.filter.GatewayMetricsFilter      : New routes count: 0
2026-07-09T22:04:59.246-04:00  INFO 25172 --- [api-gateway] [rap-executor-%d] c.n.d.s.r.aws.ConfigClusterResolver      : Resolving eureka endpoints via configuration
2026-07-09T22:05:00.752-04:00 DEBUG 25172 --- [api-gateway] [reshExecutor-%d] o.s.c.g.filter.GatewayMetricsFilter      : New routes count: 0
2026-07-09T22:05:30.773-04:00 DEBUG 25172 --- [api-gateway] [reshExecutor-%d] o.s.c.g.filter.GatewayMetricsFilter      : New routes count: 0
2026-07-09T22:06:00.795-04:00 DEBUG 25172 --- [api-gateway] [reshExecutor-%d] o.s.c.g.filter.GatewayMetricsFilter      : New routes count: 0
2026-07-09T22:06:30.822-04:00 DEBUG 25172 --- [api-gateway] [reshExecutor-%d] o.s.c.g.filter.GatewayMetricsFilter      : New routes count: 0
2026-07-09T22:07:00.847-04:00 DEBUG 25172 --- [api-gateway] [reshExecutor-%d] o.s.c.g.filter.GatewayMetricsFilter      : New routes count: 0
2026-07-09T22:07:30.907-04:00 DEBUG 25172 --- [api-gateway] [reshExecutor-%d] o.s.c.g.filter.GatewayMetricsFilter      : New routes count: 0
2026-07-09T22:08:00.937-04:00 DEBUG 25172 --- [api-gateway] [reshExecutor-%d] o.s.c.g.filter.GatewayMetricsFilter      : New routes count: 0
2026-07-09T22:08:30.973-04:00 DEBUG 25172 --- [api-gateway] [reshExecutor-%d] o.s.c.g.filter.GatewayMetricsFilter      : New routes count: 0
2026-07-09T22:09:01.003-04:00 DEBUG 25172 --- [api-gateway] [reshExecutor-%d] o.s.c.g.filter.GatewayMetricsFilter      : New routes count: 0
2026-07-09T22:09:31.041-04:00 DEBUG 25172 --- [api-gateway] [reshExecutor-%d] o.s.c.g.filter.GatewayMetricsFilter      : New routes count: 0
2026-07-09T22:09:59.248-04:00  INFO 25172 --- [api-gateway] [rap-executor-%d] c.n.d.s.r.aws.ConfigClusterResolver      : Resolving eureka endpoints via configuration
2026-07-09T22:10:01.071-04:00 DEBUG 25172 --- [api-gateway] [reshExecutor-%d] o.s.c.g.filter.GatewayMetricsFilter      : New routes count: 0
2026-07-09T22:10:31.099-04:00 DEBUG 25172 --- [api-gateway] [reshExecutor-%d] o.s.c.g.filter.GatewayMetricsFilter      : New routes count: 0
2026-07-09T22:11:01.123-04:00 DEBUG 25172 --- [api-gateway] [reshExecutor-%d] o.s.c.g.filter.GatewayMetricsFilter      : New routes count: 0
2026-07-09T22:11:31.150-04:00 DEBUG 25172 --- [api-gateway] [reshExecutor-%d] o.s.c.g.filter.GatewayMetricsFilter      : New routes count: 0
2026-07-09T22:12:01.178-04:00 DEBUG 25172 --- [api-gateway] [reshExecutor-%d] o.s.c.g.filter.GatewayMetricsFilter      : New routes count: 0
2026-07-09T22:12:31.209-04:00 DEBUG 25172 --- [api-gateway] [reshExecutor-%d] o.s.c.g.filter.GatewayMetricsFilter      : New routes count: 0
2026-07-09T22:13:01.241-04:00 DEBUG 25172 --- [api-gateway] [reshExecutor-%d] o.s.c.g.filter.GatewayMetricsFilter      : New routes count: 0
2026-07-09T22:13:31.271-04:00 DEBUG 25172 --- [api-gateway] [reshExecutor-%d] o.s.c.g.filter.GatewayMetricsFilter      : New routes count: 0
2026-07-09T22:14:01.298-04:00 DEBUG 25172 --- [api-gateway] [reshExecutor-%d] o.s.c.g.filter.GatewayMetricsFilter      : New routes count: 0
2026-07-09T22:14:31.321-04:00 DEBUG 25172 --- [api-gateway] [reshExecutor-%d] o.s.c.g.filter.GatewayMetricsFilter      : New routes count: 0
2026-07-09T22:14:59.253-04:00  INFO 25172 --- [api-gateway] [rap-executor-%d] c.n.d.s.r.aws.ConfigClusterResolver      : Resolving eureka endpoints via configuration
2026-07-09T22:15:01.343-04:00 DEBUG 25172 --- [api-gateway] [reshExecutor-%d] o.s.c.g.filter.GatewayMetricsFilter      : New routes count: 0
2026-07-09T22:15:31.367-04:00 DEBUG 25172 --- [api-gateway] [reshExecutor-%d] o.s.c.g.filter.GatewayMetricsFilter      : New routes count: 0
2026-07-09T22:16:01.391-04:00 DEBUG 25172 --- [api-gateway] [reshExecutor-%d] o.s.c.g.filter.GatewayMetricsFilter      : New routes count: 0
2026-07-09T22:16:31.421-04:00 DEBUG 25172 --- [api-gateway] [reshExecutor-%d] o.s.c.g.filter.GatewayMetricsFilter      : New routes count: 0
2026-07-09T22:17:01.448-04:00 DEBUG 25172 --- [api-gateway] [reshExecutor-%d] o.s.c.g.filter.GatewayMetricsFilter      : New routes count: 0
2026-07-09T22:17:31.477-04:00 DEBUG 25172 --- [api-gateway] [reshExecutor-%d] o.s.c.g.filter.GatewayMetricsFilter      : New routes count: 0
2026-07-09T22:18:01.511-04:00 DEBUG 25172 --- [api-gateway] [reshExecutor-%d] o.s.c.g.filter.GatewayMetricsFilter      : New routes count: 0
2026-07-09T22:18:31.533-04:00 DEBUG 25172 --- [api-gateway] [reshExecutor-%d] o.s.c.g.filter.GatewayMetricsFilter      : New routes count: 0
